<?xml version="1.0" encoding="UTF-8"?>
<robot generator="Robot 7.1.1 (Python 3.9.6 on darwin)" generated="2024-11-05T20:15:15.762484" rpa="false" schemaversion="5">
<suite id="s1" name="Test" source="/Users/sunnybharne/code/azure-robot-framework/test/test.robot">
<test id="s1-t1" name="Quick Get Request Test" line="6">
<kw name="GET" owner="RequestsLibrary">
<msg time="2024-11-05T20:15:16.915576" level="INFO">GET Request : url=https://www.google.com/ 
 path_url=/ 
 headers={'User-Agent': 'python-requests/2.32.3', 'Accept-Encoding': 'gzip, deflate', 'Accept': '*/*', 'Connection': 'keep-alive'} 
 body=None 
 </msg>
<msg time="2024-11-05T20:15:16.916135" level="INFO">GET Response : url=https://www.google.com/ 
 status=200, reason=OK 
 headers={'Date': 'Tue, 05 Nov 2024 18:15:16 GMT', 'Expires': '-1', 'Cache-Control': 'private, max-age=0', 'Content-Type': 'text/html; charset=ISO-8859-1', 'Content-Security-Policy-Report-Only': "object-src 'none';base-uri 'self';script-src 'nonce-eKkCxGlREiiXDAu_8CpQ4g' 'strict-dynamic' 'report-sample' 'unsafe-eval' 'unsafe-inline' https: http:;report-uri https://csp.withgoogle.com/csp/gws/other-hp", 'Accept-CH': 'Sec-CH-Prefers-Color-Scheme', 'P3P': 'CP="This is not a P3P policy! See g.co/p3phelp for more info."', 'Content-Encoding': 'gzip', 'Server': 'gws', 'X-XSS-Protection': '0', 'X-Frame-Options': 'SAMEORIGIN', 'Set-Cookie': 'SOCS=CAAaBgiAwKW5Bg; expires=Fri, 05-Dec-2025 18:15:16 GMT; path=/; domain=.google.com; Secure; SameSite=lax, AEC=AVYB7cpV2KMbkVHL3_eR2KI33vx_11DyVoiZADFKfCAGqFMLv6VkyhmZzGE; expires=Sun, 04-May-2025 18:15:16 GMT; path=/; domain=.google.com; Secure; HttpOnly; SameSite=lax, __Secure-ENID=23.SE=e-bCTtqgcpAUecLNaxRLV3woPxbgHlh2wJPQvtFSqmtWXnXSKMz052OSuSJaYi179QsVdC5m5szvJdbq0TUoJZa-dX5iDxAgzbrqCxf_9ViTZHEj7D39vKwGZWnAol2ym9tCiE5o65J6RZzkLZA6-OHxNlBoXyTgJFh2JF_WtfFzRN0SH_YoycLG9ABXe0_EDF6VJ1vAOT3SdVXj5Vw54KqN7Z4fuCFNeEzgv30r10k; expires=Sat, 06-Dec-2025 10:33:34 GMT; path=/; domain=.google.com; Secure; HttpOnly; SameSite=lax', 'Alt-Svc': 'h3=":443"; ma=2592000,h3-29=":443"; ma=2592000', 'Transfer-Encoding': 'chunked'} 
 body=&lt;!doctype html&gt;&lt;html itemscope="" itemtype="http://schema.org/WebPage" lang="fi"&gt;&lt;head&gt;&lt;meta content="text/html; charset=UTF-8" http-equiv="Content-Type"&gt;&lt;meta content="/images/branding/googleg/1x/googleg_standard_color_128dp.png" itemprop="image"&gt;&lt;title&gt;Google&lt;/title&gt;&lt;script nonce="eKkCxGlREiiXDAu_8CpQ4g"&gt;(function(){var _g={kEI:'tGAqZ--CJ8qWseMP1baSyAw',kEXPI:'0,3700295,1089,538661,2872,2891,73050,6398,9707,203622,6699,106648,17666,2006,8155,23351,22435,9779,62658,76208,15816,1804,35268,11814,1635,13493,15783,5240779,530,8832053,1448,3,45,1,49,29,6,11,1,6,1,6,1,6,5,2,1,5,1,21,7439375,118,20539821,16673,2169858,23029351,12799,112124,10979,15165,8182,28845,4409,37841,6757,2639,13504,7736,9140,739,2,1,3856,328,4460,1766,1116,22290,1,6,2871,1706,5633,687,7851,22,11096,5102,5074,710,1341,13707,14291,1344,4841,2229,8833,1905,13365,16870,15651,7807,594,96,1709,1313,4554,3275,3670,224,4,3,1451,41,1932,3,1994,3892,441,3619,1315,443,1,3896,462,3108,4,639,1,31,2705,88,215,264,201,987,397,46,1,42,1810,401,3,2842,154,11372,287,197,864,9,270,714,841,911,949,982,612,368,390,774,1,2,91,1167,192,515,380,3,7,149,649,1482,1641,61,354,1400,1381,173,301,273,418,38,113,281,208,195,125,2591,2,1722,1456,73,550,4,2,236,352,138,93,910,343,2,372,1338,334,219,210,1046,537,103,3,154,171,58,660,13,527,169,793,1099,371,342,172,95,34,94,274,217,373,542,99,478,188,3,345,134,44,1041,224,33,1787,1026,224,1,5,4,4,4,706,689,2,120,1024,585,394,68,449,3,718,977,1312,322,153,378,54,121,659,314,564,268,1601,2,375,535,683,1103,21410528,4,4275,3,9057,7940,18,590,2190,702,877,3200,18,616,548,226,858',kBL:'LP1-',kOPI:89978449};(function(){var a;((a=window.google)==null?0:a.stvsc)?google.kEI=_g.kEI:window.google=_g;}).call(this);})();(function(){google.sn='webhp';google.kHL='fi';})();(function(){
var h=this||self;function l(){return window.google!==void 0&amp;&amp;window.google.kOPI!==void 0&amp;&amp;window.google.kOPI!==0?window.google.kOPI:null};var m,n=[];function p(a){for(var b;a&amp;&amp;(!a.getAttribute||!(b=a.getAttribute("eid")));)a=a.parentNode;return b||m}function q(a){for(var b=null;a&amp;&amp;(!a.getAttribute||!(b=a.getAttribute("leid")));)a=a.parentNode;return b}function r(a){/^http:/i.test(a)&amp;&amp;window.location.protocol==="https:"&amp;&amp;(google.ml&amp;&amp;google.ml(Error("a"),!1,{src:a,glmm:1}),a="");return a}
function t(a,b,c,d,k){var e="";b.search("&amp;ei=")===-1&amp;&amp;(e="&amp;ei="+p(d),b.search("&amp;lei=")===-1&amp;&amp;(d=q(d))&amp;&amp;(e+="&amp;lei="+d));d="";var g=b.search("&amp;cshid=")===-1&amp;&amp;a!=="slh",f=[];f.push(["zx",Date.now().toString()]);h._cshid&amp;&amp;g&amp;&amp;f.push(["cshid",h._cshid]);c=c();c!=null&amp;&amp;f.push(["opi",c.toString()]);for(c=0;c&lt;f.length;c++){if(c===0||c&gt;0)d+="&amp;";d+=f[c][0]+"="+f[c][1]}return"/"+(k||"gen_204")+"?atyp=i&amp;ct="+String(a)+"&amp;cad="+(b+e+d)};m=google.kEI;google.getEI=p;google.getLEI=q;google.ml=function(){return null};google.log=function(a,b,c,d,k,e){e=e===void 0?l:e;c||(c=t(a,b,e,d,k));if(c=r(c)){a=new Image;var g=n.length;n[g]=a;a.onerror=a.onload=a.onabort=function(){delete n[g]};a.src=c}};google.logUrl=function(a,b){b=b===void 0?l:b;return t("",a,b)};}).call(this);(function(){google.y={};google.sy=[];var d;(d=google).x||(d.x=function(a,b){if(a)var c=a.id;else{do c=Math.random();while(google.y[c])}google.y[c]=[a,b];return!1});var e;(e=google).sx||(e.sx=function(a){google.sy.push(a)});google.lm=[];var f;(f=google).plm||(f.plm=function(a){google.lm.push.apply(google.lm,a)});google.lq=[];var g;(g=google).load||(g.load=function(a,b,c){google.lq.push([[a],b,c])});var h;(h=google).loadAll||(h.loadAll=function(a,b){google.lq.push([a,b])});google.bx=!1;var k;(k=google).lx||(k.lx=function(){});var l=[],m;(m=google).fce||(m.fce=function(a,b,c,n){l.push([a,b,c,n])});google.qce=l;}).call(this);google.f={};(function(){
document.documentElement.addEventListener("submit",function(b){var a;if(a=b.target){var c=a.getAttribute("data-submitfalse");a=c==="1"||c==="q"&amp;&amp;!a.elements.q.value?!0:!1}else a=!1;a&amp;&amp;(b.preventDefault(),b.stopPropagation())},!0);document.documentElement.addEventListener("click",function(b){var a;a:{for(a=b.target;a&amp;&amp;a!==document.documentElement;a=a.parentElement)if(a.tagName==="A"){a=a.getAttribute("data-nohref")==="1";break a}a=!1}a&amp;&amp;b.preventDefault()},!0);}).call(this);&lt;/script&gt;&lt;style&gt;#gbar,#guser{font-size:13px;padding-top:1px !important;}#gbar{height:22px}#guser{padding-bottom:7px !important;text-align:right}.gbh,.gbd{border-top:1px solid #c9d7f1;font-size:1px}.gbh{height:0;position:absolute;top:24px;width:100%}@media all{.gb1{height:22px;margin-right:.5em;vertical-align:top}#gbar{float:left}}a.gb1,a.gb4{text-decoration:underline !important}a.gb1,a.gb4{color:#00c !important}.gbi .gb4{color:#dd8e27 !important}.gbf .gb4{color:#900 !important}
&lt;/style&gt;&lt;style&gt;body,td,a,p,.h{font-family:arial,sans-serif}body{margin:0;overflow-y:scroll}#gog{padding:3px 8px 0}td{line-height:.8em}.gac_m td{line-height:17px}form{margin-bottom:20px}.h{color:#1967d2}em{font-weight:bold;font-style:normal}.lst{height:25px;width:496px}.gsfi,.lst{font:18px arial,sans-serif}.gsfs{font:17px arial,sans-serif}.ds{display:inline-box;display:inline-block;margin:3px 0 4px;margin-left:4px}input{font-family:inherit}body{background:#fff;color:#000}a{color:#681da8;text-decoration:none}a:hover,a:active{text-decoration:underline}.fl a{color:#1967d2}a:visited{color:#681da8}.sblc{padding-top:5px}.sblc a{display:block;margin:2px 0;margin-left:13px;font-size:11px}.lsbb{background:#f8f9fa;border:solid 1px;border-color:#dadce0 #70757a #70757a #dadce0;height:30px}.lsbb{display:block}#WqQANb a{display:inline-block;margin:0 12px}.lsb{background:url(/images/nav_logo229.png) 0 -261px repeat-x;color:#000;border:none;cursor:pointer;height:30px;margin:0;outline:0;font:15px arial,sans-serif;vertical-align:top}.lsb:active{background:#dadce0}.lst:focus{outline:none}.Ucigb{width:458px}&lt;/style&gt;&lt;script nonce="eKkCxGlREiiXDAu_8CpQ4g"&gt;(function(){window.google.erd={jsr:1,bv:2107,de:true,dpf:'ylMjs8mp5StIQM9uXgU3c7TDyVLD5N6jdgVHAuAfATs'};
var g=this||self;var k,l=(k=g.mei)!=null?k:1,n,p=(n=g.sdo)!=null?n:!0,q=0,r,t=google.erd,v=t.jsr;google.ml=function(a,b,d,m,e){e=e===void 0?2:e;b&amp;&amp;(r=a&amp;&amp;a.message);d===void 0&amp;&amp;(d={});d.cad="ple_"+google.ple+".aple_"+google.aple;if(google.dl)return google.dl(a,e,d,!0),null;b=d;if(v&lt;0){window.console&amp;&amp;console.error(a,b);if(v===-2)throw a;b=!1}else b=!a||!a.message||a.message==="Error loading script"||q&gt;=l&amp;&amp;!m?!1:!0;if(!b)return null;q++;d=d||{};b=encodeURIComponent;var c="/gen_204?atyp=i&amp;ei="+b(google.kEI);google.kEXPI&amp;&amp;(c+="&amp;jexpid="+b(google.kEXPI));c+="&amp;srcpg="+b(google.sn)+"&amp;jsr="+b(t.jsr)+
"&amp;bver="+b(t.bv);t.dpf&amp;&amp;(c+="&amp;dpf="+b(t.dpf));var f=a.lineNumber;f!==void 0&amp;&amp;(c+="&amp;line="+f);var h=a.fileName;h&amp;&amp;(h.indexOf("-extension:/")&gt;0&amp;&amp;(e=3),c+="&amp;script="+b(h),f&amp;&amp;h===window.location.href&amp;&amp;(f=document.documentElement.outerHTML.split("\n")[f],c+="&amp;cad="+b(f?f.substring(0,300):"No script found.")));google.ple&amp;&amp;google.ple===1&amp;&amp;(e=2);c+="&amp;jsel="+e;for(var u in d)c+="&amp;",c+=b(u),c+="=",c+=b(d[u]);c=c+"&amp;emsg="+b(a.name+": "+a.message);c=c+"&amp;jsst="+b(a.stack||"N/A");c.length&gt;=12288&amp;&amp;(c=c.substr(0,12288));a=c;m||google.log(0,"",a);return a};window.onerror=function(a,b,d,m,e){r!==a&amp;&amp;(a=e instanceof Error?e:Error(a),d===void 0||"lineNumber"in a||(a.lineNumber=d),b===void 0||"fileName"in a||(a.fileName=b),google.ml(a,!1,void 0,!1,a.name==="SyntaxError"||a.message.substring(0,11)==="SyntaxError"||a.message.indexOf("Script error")!==-1?3:0));r=null;p&amp;&amp;q&gt;=l&amp;&amp;(window.onerror=null)};})();&lt;/script&gt;&lt;/head&gt;&lt;body bgcolor="#fff"&gt;&lt;script nonce="eKkCxGlREiiXDAu_8CpQ4g"&gt;(function(){var src='/images/nav_logo229.png';var iesg=false;document.body.onload = function(){window.n &amp;&amp; window.n();if (document.images){new Image().src=src;}
if (!iesg){document.f&amp;&amp;document.f.q.focus();document.gbqf&amp;&amp;document.gbqf.q.focus();}
}
})();&lt;/script&gt;&lt;div id="mngb"&gt;&lt;div id=gbar&gt;&lt;nobr&gt;&lt;b class=gb1&gt;Haku&lt;/b&gt; &lt;a class=gb1 href="https://www.google.com/imghp?hl=fi&amp;tab=wi"&gt;Kuvahaku&lt;/a&gt; &lt;a class=gb1 href="https://maps.google.fi/maps?hl=fi&amp;tab=wl"&gt;Maps&lt;/a&gt; &lt;a class=gb1 href="https://play.google.com/?hl=fi&amp;tab=w8"&gt;Play&lt;/a&gt; &lt;a class=gb1 href="https://www.youtube.com/?tab=w1"&gt;YouTube&lt;/a&gt; &lt;a class=gb1 href="https://news.google.com/?tab=wn"&gt;Uutiset&lt;/a&gt; &lt;a class=gb1 href="https://mail.google.com/mail/?tab=wm"&gt;Gmail&lt;/a&gt; &lt;a class=gb1 href="https://drive.google.com/?tab=wo"&gt;Drive&lt;/a&gt; &lt;a class=gb1 style="text-decoration:none" href="https://www.google.fi/intl/fi/about/products?tab=wh"&gt;&lt;u&gt;Lisää&lt;/u&gt; &amp;raquo;&lt;/a&gt;&lt;/nobr&gt;&lt;/div&gt;&lt;div id=guser width=100%&gt;&lt;nobr&gt;&lt;span id=gbn class=gbi&gt;&lt;/span&gt;&lt;span id=gbf class=gbf&gt;&lt;/span&gt;&lt;span id=gbe&gt;&lt;/span&gt;&lt;a href="http://www.google.fi/history/optout?hl=fi" class=gb4&gt;Verkkohistoria&lt;/a&gt; | &lt;a  href="/preferences?hl=fi" class=gb4&gt;Asetukset&lt;/a&gt; | &lt;a target=_top id=gb_70 href="https://accounts.google.com/ServiceLogin?hl=fi&amp;passive=true&amp;continue=https://www.google.com/&amp;ec=GAZAAQ" class=gb4&gt;Kirjaudu&lt;/a&gt;&lt;/nobr&gt;&lt;/div&gt;&lt;div class=gbh style=left:0&gt;&lt;/div&gt;&lt;div class=gbh style=right:0&gt;&lt;/div&gt;&lt;/div&gt;&lt;center&gt;&lt;br clear="all" id="lgpd"&gt;&lt;div id="XjhHGf"&gt;&lt;img alt="Google" height="92" src="/images/branding/googlelogo/1x/googlelogo_white_background_color_272x92dp.png" style="padding:28px 0 14px" width="272" id="hplogo"&gt;&lt;br&gt;&lt;br&gt;&lt;/div&gt;&lt;form action="/search" name="f"&gt;&lt;table cellpadding="0" cellspacing="0"&gt;&lt;tr valign="top"&gt;&lt;td width="25%"&gt;&amp;nbsp;&lt;/td&gt;&lt;td align="center" nowrap=""&gt;&lt;input name="ie" value="ISO-8859-1" type="hidden"&gt;&lt;input value="fi" name="hl" type="hidden"&gt;&lt;input name="source" type="hidden" value="hp"&gt;&lt;input name="biw" type="hidden"&gt;&lt;input name="bih" type="hidden"&gt;&lt;div class="ds" style="height:32px;margin:4px 0"&gt;&lt;div style="position:relative;zoom:1"&gt;&lt;input class="lst Ucigb" style="margin:0;padding:5px 8px 0 6px;vertical-align:top;color:#000;padding-right:38px" autocomplete="off" value="" title="Google-haku" maxlength="2048" name="q" size="57"&gt;&lt;img src="/textinputassistant/tia.png" style="position:absolute;cursor:pointer;right:5px;top:4px;z-index:300" data-script-url="/textinputassistant/13/fi_tia.js" id="tsuid_1" alt="" height="23" width="27"&gt;&lt;script nonce="eKkCxGlREiiXDAu_8CpQ4g"&gt;(f... (set the log level to DEBUG or TRACE to see the full content) 
 </msg>
<msg time="2024-11-05T20:15:16.917529" level="INFO">${response} = &lt;Response [200]&gt;</msg>
<var>${response}</var>
<arg>https://www.google.com</arg>
<doc>Sends a GET request.</doc>
<status status="PASS" start="2024-11-05T20:15:16.105137" elapsed="0.812492"/>
</kw>
<status status="PASS" start="2024-11-05T20:15:16.104243" elapsed="0.814051"/>
</test>
<test id="s1-t2" name="Quick Get Request With Parameters Test" line="9">
<kw name="GET" owner="RequestsLibrary">
<msg time="2024-11-05T20:15:17.055984" level="INFO">GET Request : url=https://www.google.com/search?query=ciao (redirected) 
 path_url=/search?query=ciao 
 headers={'User-Agent': 'python-requests/2.32.3', 'Accept-Encoding': 'gzip, deflate', 'Accept': '*/*', 'Connection': 'keep-alive'} 
 body=None 
 </msg>
<msg time="2024-11-05T20:15:17.056524" level="INFO">GET Response : url=https://consent.google.com/ml?continue=https://www.google.com/search%3Fquery%3Dciao&amp;gl=FI&amp;m=0&amp;pc=srp&amp;uxe=none&amp;cm=2&amp;hl=fi&amp;src=1 
 status=200, reason=OK 
 headers={'Content-Type': 'text/html; charset=utf-8', 'Cache-Control': 'no-cache, no-store, max-age=0, must-revalidate', 'Pragma': 'no-cache', 'Expires': 'Mon, 01 Jan 1990 00:00:00 GMT', 'Date': 'Tue, 05 Nov 2024 18:15:17 GMT', 'Accept-CH': 'Sec-CH-UA-Arch, Sec-CH-UA-Bitness, Sec-CH-UA-Full-Version, Sec-CH-UA-Full-Version-List, Sec-CH-UA-Model, Sec-CH-UA-WoW64, Sec-CH-UA-Form-Factors, Sec-CH-UA-Platform, Sec-CH-UA-Platform-Version', 'Content-Security-Policy': "script-src 'nonce-YVbkWVNhP3aBzv02xXAHEQ' 'unsafe-inline';object-src 'none';base-uri 'self';report-uri /_/ConsentHttp/cspreport;worker-src 'self', require-trusted-types-for 'script';report-uri /_/ConsentHttp/cspreport", 'Cross-Origin-Opener-Policy': 'unsafe-none', 'Cross-Origin-Resource-Policy': 'same-site', 'Permissions-Policy': 'ch-ua-arch=*, ch-ua-bitness=*, ch-ua-full-version=*, ch-ua-full-version-list=*, ch-ua-model=*, ch-ua-wow64=*, ch-ua-form-factors=*, ch-ua-platform=*, ch-ua-platform-version=*', 'reporting-endpoints': 'default="/_/ConsentHttp/web-reports?context=eJzjamHU4pJiCNKQYrjp4MpwbLEbw7ZvXgxG4j4M5zN2Mb22vsUk8fUlkxoQv_3iz3JBM4hlbXYQi5JFCItIRigL04ZQltiGMJZqIGaZE8bilD6DNQCIW2-eY50MxMtdzrMm_TvPWgDEhgqXWO2BWLXnEqsxELu2XGYtkrjC2gDEQtwcWw-u3Mkm0ND7TElJOym_MD4zJTWvJLOkMq0oP68kNS-lNLM4tagstSjeyMDIxNDQwFjPwCK-wAAAKItGDA"', 'Content-Encoding': 'gzip', 'Server': 'ESF', 'X-XSS-Protection': '0', 'X-Frame-Options': 'SAMEORIGIN', 'X-Content-Type-Options': 'nosniff', 'Alt-Svc': 'h3=":443"; ma=2592000,h3-29=":443"; ma=2592000', 'Transfer-Encoding': 'chunked'} 
 body=&lt;!DOCTYPE html&gt;&lt;html lang="fi" dir="ltr"&gt;&lt;head&gt;&lt;style nonce="DKVTXDYWlDCZnBem7RcQ3A"&gt;
a, a:link, a:visited, a:active, a:hover {
  color: #1a73e8;
  text-decoration: none;
}
body {
  font-family: Roboto,Helvetica,Arial,sans-serif;
  text-align: center;
  -ms-text-size-adjust: 100%;
  -moz-text-size-adjust: 100%;
  -webkit-text-size-adjust: 100%;
}
.box {
  border: 1px solid #dadce0;
  box-sizing: border-box;
  border-radius: 8px;
  margin: 24px auto 5px auto;
  max-width: 800px;
  padding: 24px;
}
.youtubeContainerUIModernization,
.boxUIModernization {
  box-sizing: border-box;
  margin-left: auto;
  margin-right: auto;
  max-width: 800px;
}
.signInContainerUIModernization {
    display: flex;
    justify-content: flex-end;
}
h1 {
  color: #2c2c2c;
  font-size: 24px;
  hyphens: auto;
  margin: 24px 0;
}
.icaCallout {
  background-color: #f8f9fa;
  padding: 12px 16px;
  border-radius: 10px;
  margin-bottom: 10px;
}
.icaCalloutUIModernization {
  color: #0f0f0f;
  font-family: Roboto, Arial, sans-serif;
  font-weight: 400;
  font-size: 14px;
  line-height: 18px;
  letter-spacing: 0.2px;
  background-color: #f8f9fa;
  padding: 12px 24px;
  border-radius: 12px;
  margin-bottom: 16px;
  text-align: left;
}
.icaCalloutUIModernization &gt; a {
  color: #065fd4;  /* youtube dark-blue color */
}
.subUIModernization,
.contentTextUIModernization,
.contentTextUIModernization &gt; p {
  color: #0f0f0f;
  font-family: Roboto, Arial, sans-serif;
  font-weight: 400;
  font-size: 14px;
  letter-spacing: 0;
  line-height: 18px;
  text-align: left;
}
.contentTextUIModernization &gt; a,
.contentTextUIModernization &gt; p &gt; a {
  color: #065fd4;
}
.contentTextUIModernization &gt; p {
  margin: 16px 0;
}
.contentTextUIModernization &gt; ul {
  padding-left: 36px;
  margin: 16px 0;
}
p, .sub, .contentText, .icaCallout {
  color: #5f6368;;
  font-size: 14px;
  line-height: 20px;
  letter-spacing: 0.2px;
  text-align: left;
}
.signin {
  text-align: right;
}
.signInIconContainer {
  width: 24px;
  height: 24px;
  margin: 0 6px 0 -6px;
}
.signInIcon {
  fill: #065fd4; /* dark-blue-color */
}
.signinUIModernization {
  display: flex;
  flex-direction: row;
  justify-content: flex-end;
  text-align: right;
}
.bulletUIModernization {
  line-height: 18px;
  margin: 8px 0;
}
.signinButtonDisplayUIModernization {
  display: flex;
  box-sizing: border-box;
  align-items: center;
  flex-direction: row;
  justify-content: flex-start;
}
.horizontalContainerEndUIModernization {
  display: flex;
  align-items: center;
  justify-content: flex-end;
}
.cardHeaderUIModernization {
  display: flex;
  flex-direction: row;
  align-items: center;
}
.logoCenter {
  justify-content: center;
}
.logoUIModernization {
  margin-right: auto;
}
.youTubeHeaderUIModernization {
 padding: 20px 24px 0;
}
.saveButtonContainer,
.saveButtonContainerNarrowScreen {
  width: 100%;
  margin-top: 12px;
}
.saveButtonContainerNarrowScreenUIModernization {
  width: 100%;
}
.customButtonContainer {
  height: 20px;
  padding: 8px 0;
  margin-top: 8px;
}
.navigationCtasYoutube {
  text-align: right;
}
a.button {
  color: #fff;
}
a.hairlinebutton,
a.nolinebutton{
  color: #1a73e8;
}
.navigationCtasYoutube a.hairlinebutton {
  border-color: #1a73e8;
}
button, .button {
  background-color: #1a73e8;
  border: none;
  color: #fff;
}
input.button {
  -webkit-appearance: none;
}
.basebutton {
  border-radius: 4px;
  cursor: pointer;
  font-family: Roboto,Helvetica,Arial,sans-serif;
  font-size: 14px;
  font-weight: 500;
  height: 36px;
  margin: 12px 4px 0;
  padding: 8px 24px;
}
.hairlinebutton {
  background-color: #fff;
  border-width: 1px;
  border-color: #dadce0;
  border-style: solid;
  max-height: 15px;
}
.basebuttonUIModernization {
  outline: none;
  text-align: center;
  vertical-align: middle;
  line-height: 18px;
  cursor: pointer;
  font-family: Roboto, Arial, sans-serif;
  font-size: 14px;
  font-weight: 500;
  font-style: normal;
  height: 36px;
  min-width: 72px;
  border-radius: 18px;
  padding: 0 16px;
}
.signInButtonUIModernization {
  background-color: #fff;
  border: 1px solid #e5e5e5;
  color: #065fd4;
  }
.signInButtonUIModernization:focus-visible {
  background-color: #fff;
  border: 1px solid #065fd4;
  color: #065fd4;
}
.signInButtonUIModernization:hover {
  background-color: #f2f8ff;
  border: 1px solid transparent;
  color: #065fd4;
}
.signInButtonUIModernization:hover:focus-visible {
  background-color: #f2f8ff;
  border: 1px solid #065fd4;
  color: #065fd4;
}
.signInButtonUIModernization:active,
.signInButtonUIModernization:active:hover,
.signInButtonUIModernization:active:focus-visible {
  background-color: #e5e5e5;
  border: 1px solid transparent;
  color: #065fd4;
}
.signinUIModernization a,
.signinUIModernization a:link,
.signinUIModernization a:visited,
.signinUIModernization a:active,
.signinUIModernization a:hover,
.signinUIModernization a:focus-visible {
  color: #065fd4;
}
.hairlinebuttonUIModernization {
  background-color: #0f0f0f;
  border: 2px solid transparent;
  color: #fff;
  }
.hairlinebuttonUIModernization:focus-visible {
  background-color: #fff;
  border: 2px solid #0f0f0f;
  color: #0f0f0f;
}
.hairlinebuttonUIModernization:hover {
  background-color: #272727;
  border: 2px solid transparent;
  color: #fff;
}
.hairlinebuttonUIModernization:hover:focus-visible {
  background-color: #e7e7e7;
  border: 2px solid transparent;
  color: #0f0f0f;
}
.hairlinebuttonUIModernization:active,
.hairlinebuttonUIModernization:active:hover,
.hairlinebuttonUIModernization:active:focus-visible {
  background-color: #3f3f3f;
  border: 2px solid transparent;
  color: #fff;
}
.customizeButtonContainerUIModernization {
  display: flex;
  text-align: center;
}
.customizeButtonUIModernization {
  box-sizing: border-box;
  background-color: #f2f2f2;
  border: 2px solid transparent;
  text-align: center;
}
.customizeButtonUIModernization:focus-visible {
  background-color: #fff;
  border: 2px solid #0f0f0f;
}
.customizeButtonUIModernization:hover {
  background-color: #e6e6e6;
  border: 2px solid transparent;
}
.customizeButtonUIModernization:active,
.customizeButtonUIModernization:active:hover,
.customizeButtonUIModernization:active:focus-visible {
  background-color: #cfcfcf;
  border: 2px solid transparent;
}
a.basebuttonUIModernization.customizeButtonUIModernization,
a.basebuttonUIModernization.customizeButtonUIModernization:link,
a.basebuttonUIModernization.customizeButtonUIModernization:visited,
a.basebuttonUIModernization.customizeButtonUIModernization:active,
a.basebuttonUIModernization.customizeButtonUIModernization:focus {
  color: #0f0f0f;
  text-decoration: none;
  padding: 8px 16px;
}
.saveButtonUIModernization {
  text-align: center;
}
.detailsButtonUIModernization {
  margin-top: 16px;
  min-width: 220px;
}
.error {
  border: 2px solid #d93025;
  border-radius: 5px;
  color: #d93025;
  margin: auto;
  padding: 5px;
}
.box a:hover, .boxUIModernization a:hover, .detailspage a:hover {
  text-decoration: underline;
}
.footer {
  margin-top: 16px;
}
.footerLinks {
  display: flex;
  justify-content: center;
  align-items: center;
}
.footerUIModernization {
  display: flex;
  flex-direction: row;
  justify-content: space-between;
  margin-top: 16px;
}
.footer a {
  margin-left: 24px;
  white-space: nowrap;
}
.footer a, .footer select, .footer input {
  color: #757575;
  font-size: 12px;
}
.footerUIModernization a {
  margin-left: 8px;
  padding: 0 8px;
}
.footerUIModernization a,
.footerUIModernization input,
.footerUIModernization select {
  color: #606060;  /* grey5 color - youtube secondary color */
  font-family: Roboto;
  font-size: 12px;
  font-style: normal;
  font-weight: 500;
}
.footerUIModernization form {
  display: flex;
  flex-direction: row;
  flex-wrap: wrap;
}
.languagepicker {
  display: inline-flex;
  margin: 2px 0;
}
#languageform,
#languageselect {
  margin: 0 2px;
}
#languageselect {
  color: #757575;
}
.detailspage {
  margin: 24px auto 0 auto;
  max-width: 700px;
}
.detailspage h1, .detailspage h2 {
  font-size: 22px
}
.setting {
  border: 1px solid #dadce0;
  box-sizing: border-box;
  border-radius: 8px;
  margin-bottom: 11px;
  padding: 24px 24px 20px 24px;
  text-align: right;
}
.settingUIModernization {
  border: 1px solid #dadce0;
  box-sizing: border-box;
  border-radius: 8px;
  margin-bottom: 16px;
  padding: 24px;
  text-align: right;
}
.onOffButtons {
  padding-top: 24px;
}
.sub {
  padding: 24px 24px 20px 24px;
}
hr {
  margin: 12px -24px 12px;
  border: 0;
  border-top: 1px solid #dadce0;
}
fieldset {
  border: none;
  padding: 0;
}
label {
  margin: 24px;
}
td {
  vertical-align: top;
}
.setting h2, .setting h3, h4 {
  color: #3c4043;
  margin: 0;
  text-align: left;
}
.yt-text {
  color: #5f6368;
  font-size: 14px;
  font-weight: 300;
}
.detailspageUIModernization {
  margin: 0 auto;
  max-width: 700px;
}
.subUIModernization &gt; ul &gt; li,
.detailspageUIModernization p{
  color: #606060;
  font-family: Roboto, Arial, sans-serif;
  font-weight: 400;
  font-size: 14px;
  line-height: 18px;
}
.detailspageUIModernization &gt; p,
.settingUIModernization p,
.subUIModernization &gt; p,
.subUIModernization &gt; ul {
  margin: 16px 0;
}
.subUIModernization p:last-of-type {
  margin-bottom: 0;
}
.settingUIModernization fieldset {
  margin: 0;  /* removing the default margin of the fieldset element */
}
.subUIModernization &gt; ul {
  padding-left: 36px;
}
.subUIModernization &gt; ul &gt; li {
  line-height: 18px;
  margin: 8px 0;
}
.detailspageUIModernization h1{
  color: #0f0f0f;
  font-family: Roboto, Arial, sans-serif;
  font-weight: 700;
  font-size: 24px;
  line-height: 30px;
}
.settingUIModernization h2 {
  color: #0f0f0f;
  font-family: Roboto, Arial, sans-serif;
  font-weight: 700;
  font-size: 18px;
  line-height: 22px;
  margin: 0;
  text-align: left;
}
.detailspageUIModernization h4 {
  color: #0f0f0f;
  font-family: Roboto, Arial, sans-serif;
  font-weight: 500;
  font-size: 16px;
  line-height: 20px;
  margin: 0;
  text-align: left;
}
.subUIModernization &gt; ... (set the log level to DEBUG or TRACE to see the full content) 
 </msg>
<msg time="2024-11-05T20:15:17.057635" level="INFO">${response} = &lt;Response [200]&gt;</msg>
<var>${response}</var>
<arg>https://www.google.com/search</arg>
<arg>params=query=ciao</arg>
<arg>expected_status=200</arg>
<doc>Sends a GET request.</doc>
<status status="PASS" start="2024-11-05T20:15:16.919945" elapsed="0.137750"/>
</kw>
<status status="PASS" start="2024-11-05T20:15:16.918857" elapsed="0.139383"/>
</test>
<test id="s1-t3" name="Quick Get A JSON Body Test" line="12">
<kw name="GET" owner="RequestsLibrary">
<msg time="2024-11-05T20:15:17.252753" level="INFO">GET Request : url=https://jsonplaceholder.typicode.com/posts/1 
 path_url=/posts/1 
 headers={'User-Agent': 'python-requests/2.32.3', 'Accept-Encoding': 'gzip, deflate', 'Accept': '*/*', 'Connection': 'keep-alive'} 
 body=None 
 </msg>
<msg time="2024-11-05T20:15:17.253159" level="INFO">GET Response : url=https://jsonplaceholder.typicode.com/posts/1 
 status=200, reason=OK 
 headers={'Date': 'Tue, 05 Nov 2024 18:15:17 GMT', 'Content-Type': 'application/json; charset=utf-8', 'Transfer-Encoding': 'chunked', 'Connection': 'keep-alive', 'Report-To': '{"group":"heroku-nel","max_age":3600,"endpoints":[{"url":"https://nel.heroku.com/reports?ts=1729700491&amp;sid=e11707d5-02a7-43ef-b45e-2cf4d2036f7d&amp;s=%2B4pNsfMMUAmyl6tjligpPd0X1XCeEUduF7pZ7uwZiFo%3D"}]}', 'Reporting-Endpoints': 'heroku-nel=https://nel.heroku.com/reports?ts=1729700491&amp;sid=e11707d5-02a7-43ef-b45e-2cf4d2036f7d&amp;s=%2B4pNsfMMUAmyl6tjligpPd0X1XCeEUduF7pZ7uwZiFo%3D', 'Nel': '{"report_to":"heroku-nel","max_age":3600,"success_fraction":0.005,"failure_fraction":0.05,"response_headers":["Via"]}', 'X-Powered-By': 'Express', 'X-Ratelimit-Limit': '1000', 'X-Ratelimit-Remaining': '999', 'X-Ratelimit-Reset': '1729700515', 'Vary': 'Origin, Accept-Encoding', 'Access-Control-Allow-Credentials': 'true', 'Cache-Control': 'max-age=43200', 'Pragma': 'no-cache', 'Expires': '-1', 'X-Content-Type-Options': 'nosniff', 'Etag': 'W/"124-yiKdLzqO5gfBrJFrcdJ8Yq0LGnU"', 'Via': '1.1 vegur', 'CF-Cache-Status': 'HIT', 'Age': '6787', 'Server': 'cloudflare', 'CF-RAY': '8dded40ccdad671b-AMS', 'Content-Encoding': 'gzip', 'alt-svc': 'h3=":443"; ma=86400', 'server-timing': 'cfL4;desc="?proto=TCP&amp;rtt=33592&amp;sent=4&amp;recv=7&amp;lost=0&amp;retrans=0&amp;sent_bytes=2812&amp;recv_bytes=500&amp;delivery_rate=83728&amp;cwnd=33&amp;unsent_bytes=0&amp;cid=99b1b36c4601d853&amp;ts=90&amp;x=0"'} 
 body={
  "userId": 1,
  "id": 1,
  "title": "sunt aut facere repellat provident occaecati excepturi optio reprehenderit",
  "body": "quia et suscipit\nsuscipit recusandae consequuntur expedita et cum\nreprehenderit molestiae ut ut quas totam\nnostrum rerum est autem sunt rem eveniet architecto"
} 
 </msg>
<msg time="2024-11-05T20:15:17.253720" level="INFO">${response} = &lt;Response [200]&gt;</msg>
<var>${response}</var>
<arg>https://jsonplaceholder.typicode.com/posts/1</arg>
<doc>Sends a GET request.</doc>
<status status="PASS" start="2024-11-05T20:15:17.059743" elapsed="0.194065"/>
</kw>
<kw name="Should Be Equal As Strings" owner="BuiltIn">
<msg time="2024-11-05T20:15:17.256014" level="INFO">Argument types are:
&lt;class 'str'&gt;
&lt;class 'int'&gt;</msg>
<arg>1</arg>
<arg>${response.json()}[id]</arg>
<doc>Fails if objects are unequal after converting them to strings.</doc>
<status status="PASS" start="2024-11-05T20:15:17.254596" elapsed="0.001553"/>
</kw>
<status status="PASS" start="2024-11-05T20:15:17.058869" elapsed="0.197663"/>
</test>
<status status="PASS" start="2024-11-05T20:15:15.763221" elapsed="1.494262"/>
</suite>
<statistics>
<total>
<stat pass="3" fail="0" skip="0">All Tests</stat>
</total>
<tag>
</tag>
<suite>
<stat pass="3" fail="0" skip="0" id="s1" name="Test">Test</stat>
</suite>
</statistics>
<errors>
</errors>
</robot>
